<?xml version="1.0" encoding="UTF-8"?>
<!-- Generated by org.testng.reporters.JUnitXMLReporter -->
<testsuite ignored="1" hostname="LAPTOP-1FK3MS3J" failures="0" tests="4" name="Test" time="0.081" errors="0" timestamp="2023-02-20T16:15:17 IST">
  <testcase classname="seleniumpractice.test2" name="avt" time="0.016"/>
  <testcase classname="seleniumpractice.test2" name="sub" time="0.002"/>
  <testcase classname="seleniumpractice.test2" name="add" time="0.002"/>
  <testcase classname="seleniumpractice.test2" name="div" time="0.002"/>
  <testcase classname="seleniumpractice.test2" name="mul" time="0.0">
    <ignored/>
  </testcase> <!-- mul -->
</testsuite> <!-- Test -->
