<?xml version="1.0" encoding="UTF-8"?>
<testng-results ignored="1" total="5" passed="4" failed="0" skipped="0">
  <reporter-output>
  </reporter-output>
  <suite started-at="2023-02-20T16:15:17 IST" name="loan department" finished-at="2023-02-20T16:15:17 IST" duration-ms="81">
    <groups>
    </groups>
    <test started-at="2023-02-20T16:15:17 IST" name="Test" finished-at="2023-02-20T16:15:17 IST" duration-ms="81">
      <class name="seleniumpractice.test2">
        <test-method signature="avt()[pri:0, instance:seleniumpractice.test2@3f197a46]" started-at="2023-02-20T16:15:17 IST" name="avt" finished-at="2023-02-20T16:15:17 IST" duration-ms="16" status="PASS">
          <reporter-output>
          </reporter-output>
        </test-method> <!-- avt -->
        <test-method signature="sub()[pri:1, instance:seleniumpractice.test2@3f197a46]" started-at="2023-02-20T16:15:17 IST" name="sub" finished-at="2023-02-20T16:15:17 IST" duration-ms="2" status="PASS">
          <reporter-output>
          </reporter-output>
        </test-method> <!-- sub -->
        <test-method signature="add()[pri:2, instance:seleniumpractice.test2@3f197a46]" started-at="2023-02-20T16:15:17 IST" name="add" finished-at="2023-02-20T16:15:17 IST" duration-ms="2" status="PASS">
          <reporter-output>
          </reporter-output>
        </test-method> <!-- add -->
        <test-method signature="div()[pri:4, instance:seleniumpractice.test2@3f197a46]" started-at="2023-02-20T16:15:17 IST" name="div" finished-at="2023-02-20T16:15:17 IST" duration-ms="2" status="PASS">
          <reporter-output>
          </reporter-output>
        </test-method> <!-- div -->
      </class> <!-- seleniumpractice.test2 -->
    </test> <!-- Test -->
  </suite> <!-- loan department -->
</testng-results>
